This file contains any messages produced by compilers while
running configure, to aid debugging if configure makes a mistake.

It was created by GNU C Library configure (see version.h), which was
generated by GNU Autoconf 2.69.  Invocation command line was

  $ ../configure --prefix=/home/conrad/Downloads/glibc-2.29-arm/glibc-2.29/install_glibc/ --build x86_64-pc-linux-gnu --host aarch64-linux-gnu LDFLAGS=-static

## --------- ##
## Platform. ##
## --------- ##

hostname = conrad-XPS-13-9360
uname -m = x86_64
uname -r = 5.0.0-21-generic
uname -s = Linux
uname -v = #22-Ubuntu SMP Tue Jul 2 13:27:33 UTC 2019

/usr/bin/uname -p = unknown
/bin/uname -X     = unknown

/bin/arch              = unknown
/usr/bin/arch -k       = unknown
/usr/convex/getsysinfo = unknown
/usr/bin/hostinfo      = unknown
/bin/machine           = unknown
/usr/bin/oslevel       = unknown
/bin/universe          = unknown

PATH: /usr/local/sbin
PATH: /usr/local/bin
PATH: /usr/sbin
PATH: /usr/bin
PATH: /sbin
PATH: /bin
PATH: /usr/games
PATH: /usr/local/games
PATH: /snap/bin


## ----------- ##
## Core tests. ##
## ----------- ##

configure:2214: checking build system type
configure:2228: result: x86_64-pc-linux-gnu
configure:2248: checking host system type
configure:2261: result: aarch64-unknown-linux-gnu
configure:2290: checking for aarch64-linux-gnu-gcc
configure:2306: found /usr/bin/aarch64-linux-gnu-gcc
configure:2317: result: aarch64-linux-gnu-gcc
configure:2586: checking for C compiler version
configure:2595: aarch64-linux-gnu-gcc --version >&5
aarch64-linux-gnu-gcc (Ubuntu/Linaro 8.3.0-6ubuntu1) 8.3.0
Copyright (C) 2018 Free Software Foundation, Inc.
This is free software; see the source for copying conditions.  There is NO
warranty; not even for MERCHANTABILITY or FITNESS FOR A PARTICULAR PURPOSE.

configure:2606: $? = 0
configure:2595: aarch64-linux-gnu-gcc -v >&5
Using built-in specs.
COLLECT_GCC=aarch64-linux-gnu-gcc
COLLECT_LTO_WRAPPER=/usr/lib/gcc-cross/aarch64-linux-gnu/8/lto-wrapper
Target: aarch64-linux-gnu
Configured with: ../src/configure -v --with-pkgversion='Ubuntu/Linaro 8.3.0-6ubuntu1' --with-bugurl=file:///usr/share/doc/gcc-8/README.Bugs --enable-languages=c,ada,c++,go,d,fortran,objc,obj-c++ --prefix=/usr --with-gcc-major-version-only --program-suffix=-8 --enable-shared --enable-linker-build-id --libexecdir=/usr/lib --without-included-gettext --enable-threads=posix --libdir=/usr/lib --enable-nls --with-sysroot=/ --enable-clocale=gnu --enable-libstdcxx-debug --enable-libstdcxx-time=yes --with-default-libstdcxx-abi=new --enable-gnu-unique-object --disable-libquadmath --disable-libquadmath-support --enable-plugin --enable-default-pie --with-system-zlib --disable-libphobos --enable-multiarch --enable-fix-cortex-a53-843419 --disable-werror --enable-checking=release --build=x86_64-linux-gnu --host=x86_64-linux-gnu --target=aarch64-linux-gnu --program-prefix=aarch64-linux-gnu- --includedir=/usr/aarch64-linux-gnu/include
Thread model: posix
gcc version 8.3.0 (Ubuntu/Linaro 8.3.0-6ubuntu1) 
configure:2606: $? = 0
configure:2595: aarch64-linux-gnu-gcc -V >&5
aarch64-linux-gnu-gcc: error: unrecognized command line option '-V'
aarch64-linux-gnu-gcc: fatal error: no input files
compilation terminated.
configure:2606: $? = 1
configure:2595: aarch64-linux-gnu-gcc -qversion >&5
aarch64-linux-gnu-gcc: error: unrecognized command line option '-qversion'; did you mean '--version'?
aarch64-linux-gnu-gcc: fatal error: no input files
compilation terminated.
configure:2606: $? = 1
configure:2611: checking for suffix of object files
configure:2633: aarch64-linux-gnu-gcc -c   conftest.c >&5
configure:2637: $? = 0
configure:2658: result: o
configure:2662: checking whether we are using the GNU C compiler
configure:2681: aarch64-linux-gnu-gcc -c   conftest.c >&5
configure:2681: $? = 0
configure:2690: result: yes
configure:2699: checking whether aarch64-linux-gnu-gcc accepts -g
configure:2719: aarch64-linux-gnu-gcc -c -g  conftest.c >&5
configure:2719: $? = 0
configure:2760: result: yes
configure:2789: checking for gcc
configure:2805: found /usr/bin/gcc
configure:2816: result: gcc
configure:2840: checking for aarch64-linux-gnu-readelf
configure:2856: found /usr/bin/aarch64-linux-gnu-readelf
configure:2867: result: aarch64-linux-gnu-readelf
configure:2945: checking for aarch64-linux-gnu-g++
configure:2975: result: no
configure:2945: checking for aarch64-linux-gnu-c++
configure:2975: result: no
configure:2945: checking for aarch64-linux-gnu-gpp
configure:2975: result: no
configure:2945: checking for aarch64-linux-gnu-aCC
configure:2975: result: no
configure:2945: checking for aarch64-linux-gnu-CC
configure:2975: result: no
configure:2945: checking for aarch64-linux-gnu-cxx
configure:2975: result: no
configure:2945: checking for aarch64-linux-gnu-cc++
configure:2975: result: no
configure:2945: checking for aarch64-linux-gnu-cl.exe
configure:2975: result: no
configure:2945: checking for aarch64-linux-gnu-FCC
configure:2975: result: no
configure:2945: checking for aarch64-linux-gnu-KCC
configure:2975: result: no
configure:2945: checking for aarch64-linux-gnu-RCC
configure:2975: result: no
configure:2945: checking for aarch64-linux-gnu-xlC_r
configure:2975: result: no
configure:2945: checking for aarch64-linux-gnu-xlC
configure:2975: result: no
configure:2989: checking for g++
configure:3005: found /usr/bin/g++
configure:3016: result: g++
configure:3032: WARNING: using cross tools not prefixed with host triplet
configure:3043: checking for C++ compiler version
configure:3052: g++ --version >&5
g++ (Ubuntu 8.3.0-6ubuntu1) 8.3.0
Copyright (C) 2018 Free Software Foundation, Inc.
This is free software; see the source for copying conditions.  There is NO
warranty; not even for MERCHANTABILITY or FITNESS FOR A PARTICULAR PURPOSE.

configure:3063: $? = 0
configure:3052: g++ -v >&5
Using built-in specs.
COLLECT_GCC=g++
COLLECT_LTO_WRAPPER=/usr/lib/gcc/x86_64-linux-gnu/8/lto-wrapper
OFFLOAD_TARGET_NAMES=nvptx-none
OFFLOAD_TARGET_DEFAULT=1
Target: x86_64-linux-gnu
Configured with: ../src/configure -v --with-pkgversion='Ubuntu 8.3.0-6ubuntu1' --with-bugurl=file:///usr/share/doc/gcc-8/README.Bugs --enable-languages=c,ada,c++,go,brig,d,fortran,objc,obj-c++ --prefix=/usr --with-gcc-major-version-only --program-suffix=-8 --program-prefix=x86_64-linux-gnu- --enable-shared --enable-linker-build-id --libexecdir=/usr/lib --without-included-gettext --enable-threads=posix --libdir=/usr/lib --enable-nls --enable-bootstrap --enable-clocale=gnu --enable-libstdcxx-debug --enable-libstdcxx-time=yes --with-default-libstdcxx-abi=new --enable-gnu-unique-object --disable-vtable-verify --enable-libmpx --enable-plugin --enable-default-pie --with-system-zlib --with-target-system-zlib --enable-objc-gc=auto --enable-multiarch --disable-werror --with-arch-32=i686 --with-abi=m64 --with-multilib-list=m32,m64,mx32 --enable-multilib --with-tune=generic --enable-offload-targets=nvptx-none --without-cuda-driver --enable-checking=release --build=x86_64-linux-gnu --host=x86_64-linux-gnu --target=x86_64-linux-gnu
Thread model: posix
gcc version 8.3.0 (Ubuntu 8.3.0-6ubuntu1) 
configure:3063: $? = 0
configure:3052: g++ -V >&5
g++: error: unrecognized command line option '-V'
g++: fatal error: no input files
compilation terminated.
configure:3063: $? = 1
configure:3052: g++ -qversion >&5
g++: error: unrecognized command line option '-qversion'; did you mean '--version'?
g++: fatal error: no input files
compilation terminated.
configure:3063: $? = 1
configure:3067: checking whether we are using the GNU C++ compiler
configure:3086: g++ -c   conftest.cpp >&5
configure:3086: $? = 0
configure:3095: result: yes
configure:3104: checking whether g++ accepts -g
configure:3124: g++ -c -g  conftest.cpp >&5
configure:3124: $? = 0
configure:3165: result: yes
configure:3190: checking whether g++ can link programs
configure:3213: g++ -o conftest -g -O2  -static conftest.cpp  >&5
configure:3213: $? = 0
configure:3236: g++ -o conftest -g -O2  -static -static conftest.cpp  >&5
configure:3236: $? = 0
configure:3251: result: yes
configure:3828: checking for sysdeps preconfigure fragments
configure:3835: result: 
configure:3865: checking for use of fpu sysdeps directories
configure:3884: result: yes
configure:3888: checking for -fstack-protector
configure:3894: aarch64-linux-gnu-gcc -g -O2  -Werror -fstack-protector -xc /dev/null -S -o /dev/null
configure:3897: $? = 0
configure:3905: result: yes
configure:3908: checking for -fstack-protector-strong
configure:3914: aarch64-linux-gnu-gcc -g -O2  -Werror -fstack-protector-strong -xc /dev/null -S -o /dev/null
configure:3917: $? = 0
configure:3925: result: yes
configure:3928: checking for -fstack-protector-all
configure:3934: aarch64-linux-gnu-gcc -g -O2  -Werror -fstack-protector-all -xc /dev/null -S -o /dev/null
configure:3937: $? = 0
configure:3945: result: yes
configure:3988: checking for assembler and linker STT_GNU_IFUNC support

Relocation section '.rela.plt' at offset 0x110 contains 1 entry:
  Offset          Info           Type           Sym. Value    Sym. Name + Addend
000000410140  000000000408 R_AARCH64_IRELATI                    400140
configure:4019: result: yes
configure:4023: checking for gcc attribute ifunc support
configure:4049: result: yes
configure:4054: checking whether the linker supports textrels along with ifunc
configure:4084: aarch64-linux-gnu-gcc -g -O2  -static -nostartfiles -nostdlib -fno-stack-protector -pie -o conftest conftest.S
configure:4087: $? = 0
configure:4094: result: yes
configure:4099: checking if compiler warns about alias for function with incompatible types
conftest.c:9:34: error: 'foo_alias' alias between functions of incompatible types 'int(const void *, int)' and 'int (*(void))(const void *, int)' [-Werror=attribute-alias]
 extern __typeof (__redirect_foo) foo_alias __attribute__ ((alias ("foo")));
                                  ^~~~~~~~~
conftest.c:4:28: note: aliased declaration here
 __typeof (__redirect_foo) *foo_impl (void)
                            ^~~~~~~~
cc1: all warnings being treated as errors
configure:4121: result: yes
configure:4159: checking sysdep dirs
configure:4356: result: sysdeps/generic
configure:4376: checking for a BSD-compatible install
configure:4444: result: /usr/bin/install -c
configure:4459: checking whether ln -s works
configure:4463: result: yes
configure:4489: checking whether /usr/lib/gcc-cross/aarch64-linux-gnu/8/../../../../aarch64-linux-gnu/bin/as is GNU as
configure:4503: result: yes
configure:4508: checking whether /usr/lib/gcc-cross/aarch64-linux-gnu/8/../../../../aarch64-linux-gnu/bin/ld is GNU ld
configure:4522: result: yes
configure:4532: checking for /usr/lib/gcc-cross/aarch64-linux-gnu/8/../../../../aarch64-linux-gnu/bin/as
configure:4559: result: /usr/lib/gcc-cross/aarch64-linux-gnu/8/../../../../aarch64-linux-gnu/bin/as
configure:4574: checking version of /usr/lib/gcc-cross/aarch64-linux-gnu/8/../../../../aarch64-linux-gnu/bin/as
configure:4584: result: 2.32, ok
configure:4662: checking for /usr/lib/gcc-cross/aarch64-linux-gnu/8/../../../../aarch64-linux-gnu/bin/ld
configure:4689: result: /usr/lib/gcc-cross/aarch64-linux-gnu/8/../../../../aarch64-linux-gnu/bin/ld
configure:4704: checking version of /usr/lib/gcc-cross/aarch64-linux-gnu/8/../../../../aarch64-linux-gnu/bin/ld
configure:4714: result: 2.32, ok
configure:4729: checking for gnumake
configure:4759: result: no
configure:4729: checking for gmake
configure:4759: result: no
configure:4729: checking for make
configure:4745: found /usr/bin/make
configure:4756: result: make
configure:4771: checking version of make
configure:4781: result: 4.2.1, ok
configure:4793: checking for gnumsgfmt
configure:4823: result: no
configure:4793: checking for gmsgfmt
configure:4823: result: no
configure:4793: checking for msgfmt
configure:4809: found /usr/bin/msgfmt
configure:4820: result: msgfmt
configure:4835: checking version of msgfmt
configure:4845: result: 0.19.8.1, ok
configure:4856: checking for makeinfo
configure:4872: found /usr/bin/makeinfo
configure:4883: result: makeinfo
configure:4898: checking version of makeinfo
configure:4908: result: 6.5, ok
configure:4919: checking for sed
configure:4935: found /bin/sed
configure:4946: result: sed
configure:4961: checking version of sed
configure:4971: result: 4.7, ok
configure:4982: checking for gawk
configure:4998: found /usr/bin/gawk
configure:5009: result: gawk
configure:5024: checking version of gawk
configure:5034: result: 4.2.1, ok
configure:5045: checking for bison
configure:5061: found /usr/bin/bison
configure:5072: result: bison
configure:5087: checking version of bison
configure:5097: result: 3.3.2, ok
configure:5105: checking if aarch64-linux-gnu-gcc is sufficient to build libc
configure:5125: aarch64-linux-gnu-gcc -c -g -O2  conftest.c >&5
configure:5125: $? = 0
configure:5132: result: yes
configure:5141: checking for aarch64-linux-gnu-nm
configure:5157: found /usr/bin/aarch64-linux-gnu-nm
configure:5168: result: aarch64-linux-gnu-nm
configure:5306: checking for python3
configure:5322: found /usr/bin/python3
configure:5333: result: python3
configure:5348: checking version of python3
configure:5358: result: 3.7.3, ok
configure:5426: checking LD_LIBRARY_PATH variable
configure:5436: result: ok
configure:5447: checking for bash
configure:5465: found /bin/bash
configure:5478: result: /bin/bash
configure:5489: checking for perl
configure:5507: found /usr/bin/perl
configure:5520: result: /usr/bin/perl
configure:5534: checking for install-info
configure:5553: found /usr/bin/install-info
configure:5566: result: /usr/bin/install-info
configure:5575: checking for .set assembler directive
configure:5601: result: yes
configure:5608: checking linker support for protected data symbol
configure:5618: aarch64-linux-gnu-gcc -nostdlib -nostartfiles -fno-stack-protector -fPIC -shared conftest.c -o conftest.so
configure:5621: $? = 0
configure:5628: aarch64-linux-gnu-gcc -nostdlib -nostartfiles -fno-stack-protector conftest.c -o conftest conftest.so
/usr/lib/gcc-cross/aarch64-linux-gnu/8/../../../../aarch64-linux-gnu/bin/ld: warning: cannot find entry symbol _start; defaulting to 0000000000000310
configure:5631: $? = 0
configure:5639: result: yes
configure:5643: checking linker support for INSERT in linker script
configure:5661: aarch64-linux-gnu-gcc -nostdlib -nostartfiles -fno-stack-protector -fPIC -shared conftest.c -Wl,-T,conftest.t -o conftest.so
configure:5664: $? = 0
configure:5671: result: yes
configure:5675: checking for broken __attribute__((alias()))
configure:5690: aarch64-linux-gnu-gcc -Werror -S conftest.c -o conftest.s 1>&5
configure:5693: $? = 0
configure:5703: result: no
configure:5709: checking whether to put _rtld_local into .sdata section
configure:5723: result: no
configure:5730: checking whether to use .ctors/.dtors header and trailer
configure:5747: aarch64-linux-gnu-gcc -g -O2  -static -fno-stack-protector -o conftest
		       conftest.c -static -nostartfiles -nostdlib
		       1>&5
configure:5750: $? = 0
configure:5776: result: no
configure:5783: checking for libunwind-support in compiler
configure:5800: result: no
configure:5809: checking whether --noexecstack is desirable for .S files
configure:5819: aarch64-linux-gnu-gcc -g -O2 
		   -S -o conftest.s conftest.c 1>&5
configure:5822: $? = 0
configure:5827: aarch64-linux-gnu-gcc  -Wa,--noexecstack
		      -c -o conftest.o conftest.s 1>&5
configure:5830: $? = 0
configure:5839: result: yes
configure:5846: checking for -z combreloc
configure:5860: aarch64-linux-gnu-gcc -g -O2  -static
			-fPIC -shared -fno-stack-protector -o conftest.so conftest.c
			-nostdlib -nostartfiles
			-Wl,-z,combreloc 1>&5
configure:5863: $? = 0
configure:5876: result: yes
configure:5884: checking for linker that supports -z execstack
configure:5897: aarch64-linux-gnu-gcc -g -O2  -static -fno-stack-protector
				-Wl,-z,execstack -nostdlib -nostartfiles
				-fPIC -shared -o conftest.so conftest.c
				1>&5
configure:5900: $? = 0
configure:5913: result: yes
configure:5917: checking for linker that supports --no-dynamic-linker
configure:5930: aarch64-linux-gnu-gcc -g -O2  -static -fno-stack-protector
				-Wl,--no-dynamic-linker -nostdlib -nostartfiles
				-fPIC -shared -o conftest.so conftest.c
				1>&5
configure:5933: $? = 0
configure:5946: result: yes
configure:5951: checking for -static-pie
configure:5957: aarch64-linux-gnu-gcc -static-pie -xc /dev/null -S -o /dev/null
configure:5960: $? = 0
configure:5968: result: yes
configure:5973: checking for -fpie
configure:5979: aarch64-linux-gnu-gcc -fpie -xc /dev/null -S -o /dev/null
configure:5982: $? = 0
configure:5990: result: yes
configure:5995: checking for --hash-style option
configure:6006: aarch64-linux-gnu-gcc -g -O2  -static -fno-stack-protector
			    -fPIC -shared -o conftest.so conftest.c
			    -Wl,--hash-style=both -nostdlib 1>&5
configure:6009: $? = 0
configure:6018: result: yes
configure:6026: checking for sufficient default -shared layout
configure:6045:   aarch64-linux-gnu-gcc  -shared -o conftest.so conftest.s 1>&5
configure:6048: $? = 0
configure:6080: result: yes
configure:6085: checking for GLOB_DAT reloc
configure:6098: aarch64-linux-gnu-gcc -g -O2  -static
			-fPIC -shared -o conftest.so conftest.c
			-nostdlib -nostartfiles -fno-stack-protector
			1>&5
configure:6101: $? = 0
configure:6114: result: yes
configure:6118: checking linker output format
configure:6132: result: elf64-littleaarch64
configure:6136: checking for -fno-toplevel-reorder -fno-section-anchors
configure:6146: aarch64-linux-gnu-gcc -g -O2  -S -fno-toplevel-reorder -fno-section-anchors
			    conftest.c 1>&5
configure:6149: $? = 0
configure:6158: result: yes
configure:6167: checking for -mtls-dialect=gnu2
configure:6181: aarch64-linux-gnu-gcc -g -O2  -S -fPIC -mtls-dialect=gnu2
		   conftest.c 1>&5
aarch64-linux-gnu-gcc: error: unrecognized argument in option '-mtls-dialect=gnu2'
aarch64-linux-gnu-gcc: note: valid arguments to '-mtls-dialect=' are: desc trad
configure:6184: $? = 1
configure:6193: result: no
configure:6199: checking whether cc puts quotes around section names
configure:6220: result: no
configure:6227: checking for __builtin_memset
configure:6239: aarch64-linux-gnu-gcc -O3 -S conftest.c -o - | grep -F memset > /dev/null
configure:6242: $? = 0
configure:6251: result: no
configure:6258: checking for redirection of built-in functions
configure:6271: aarch64-linux-gnu-gcc -O3 -S conftest.c -o - | grep -F my_strstr > /dev/null
configure:6274: $? = 0
configure:6283: result: yes
configure:6289: checking for compiler option to disable generation of FMA instructions
configure:6297: aarch64-linux-gnu-gcc -ffp-contract=off -xc /dev/null -S -o /dev/null
configure:6300: $? = 0
configure:6306: result: -ffp-contract=off
configure:6339: checking if aarch64-linux-gnu-gcc accepts -fno-tree-loop-distribute-patterns with __attribute__ ((__optimize__))
configure:6352: aarch64-linux-gnu-gcc -g -O2  -c conftest.c
configure:6355: $? = 0
configure:6362: result: yes
configure:6370: checking for libgd
configure:6390: aarch64-linux-gnu-gcc -o conftest -g -O2   -static  conftest.c  -lgd -lpng -lz -lm >&5
conftest.c:19:10: fatal error: gd.h: No such file or directory
 #include <gd.h>
          ^~~~~~
compilation terminated.
configure:6390: $? = 1
configure: failed program was:
| /* confdefs.h */
| #define PACKAGE_NAME "GNU C Library"
| #define PACKAGE_TARNAME "glibc"
| #define PACKAGE_VERSION "(see version.h)"
| #define PACKAGE_STRING "GNU C Library (see version.h)"
| #define PACKAGE_BUGREPORT "https://sourceware.org/bugzilla/"
| #define PACKAGE_URL "http://www.gnu.org/software/glibc/"
| #define PKGVERSION "(GNU libc) "
| #define REPORT_BUGS_TO "<http://www.gnu.org/software/libc/bugs.html>"
| #define HAVE_TUNABLES 1
| #define HAVE_CC_NO_STACK_PROTECTOR 1
| #define STACK_PROTECTOR_LEVEL 0
| #define USE_MULTIARCH 1
| #define HAVE_ASM_SET_DIRECTIVE 1
| #define NO_CTORS_DTORS_SECTIONS 1
| #define HAVE_Z_COMBRELOC 1
| #define HAVE_CC_INHIBIT_LOOP_TO_LIBCALL 1
| /* end confdefs.h.  */
| #include <gd.h>
| int
| main ()
| {
| gdImagePng (0, 0)
|   ;
|   return 0;
| }
configure:6403: result: no
configure:6412: checking for is_selinux_enabled in -lselinux
configure:6437: aarch64-linux-gnu-gcc -o conftest -g -O2  -static conftest.c -lselinux   >&5
/usr/lib/gcc-cross/aarch64-linux-gnu/8/../../../../aarch64-linux-gnu/bin/ld: cannot find -lselinux
collect2: error: ld returned 1 exit status
configure:6437: $? = 1
configure: failed program was:
| /* confdefs.h */
| #define PACKAGE_NAME "GNU C Library"
| #define PACKAGE_TARNAME "glibc"
| #define PACKAGE_VERSION "(see version.h)"
| #define PACKAGE_STRING "GNU C Library (see version.h)"
| #define PACKAGE_BUGREPORT "https://sourceware.org/bugzilla/"
| #define PACKAGE_URL "http://www.gnu.org/software/glibc/"
| #define PKGVERSION "(GNU libc) "
| #define REPORT_BUGS_TO "<http://www.gnu.org/software/libc/bugs.html>"
| #define HAVE_TUNABLES 1
| #define HAVE_CC_NO_STACK_PROTECTOR 1
| #define STACK_PROTECTOR_LEVEL 0
| #define USE_MULTIARCH 1
| #define HAVE_ASM_SET_DIRECTIVE 1
| #define NO_CTORS_DTORS_SECTIONS 1
| #define HAVE_Z_COMBRELOC 1
| #define HAVE_CC_INHIBIT_LOOP_TO_LIBCALL 1
| /* end confdefs.h.  */
| 
| /* Override any GCC internal prototype to avoid an error.
|    Use char because int might match the return type of a GCC
|    builtin and then its argument prototype would still apply.  */
| #ifdef __cplusplus
| extern "C"
| #endif
| char is_selinux_enabled ();
| int
| main ()
| {
| return is_selinux_enabled ();
|   ;
|   return 0;
| }
configure:6446: result: no
configure:6569: checking for _FORTIFY_SOURCE predefine
configure:6588: aarch64-linux-gnu-gcc -c -g -O2  conftest.c >&5
conftest.c: In function 'main':
conftest.c:25:3: error: #error bogon
 # error bogon
   ^~~~~
configure:6588: $? = 1
configure: failed program was:
| /* confdefs.h */
| #define PACKAGE_NAME "GNU C Library"
| #define PACKAGE_TARNAME "glibc"
| #define PACKAGE_VERSION "(see version.h)"
| #define PACKAGE_STRING "GNU C Library (see version.h)"
| #define PACKAGE_BUGREPORT "https://sourceware.org/bugzilla/"
| #define PACKAGE_URL "http://www.gnu.org/software/glibc/"
| #define PKGVERSION "(GNU libc) "
| #define REPORT_BUGS_TO "<http://www.gnu.org/software/libc/bugs.html>"
| #define HAVE_TUNABLES 1
| #define HAVE_CC_NO_STACK_PROTECTOR 1
| #define STACK_PROTECTOR_LEVEL 0
| #define USE_MULTIARCH 1
| #define HAVE_ASM_SET_DIRECTIVE 1
| #define NO_CTORS_DTORS_SECTIONS 1
| #define HAVE_Z_COMBRELOC 1
| #define HAVE_CC_INHIBIT_LOOP_TO_LIBCALL 1
| /* end confdefs.h.  */
| 
| int
| main ()
| {
| 
| #ifdef _FORTIFY_SOURCE
| # error bogon
| #endif
|   ;
|   return 0;
| }
configure:6595: result: yes
configure:6605: checking whether the linker provides working __ehdr_start
configure:6628: aarch64-linux-gnu-gcc -o conftest -g -O2 -fPIC  -static -nostdlib -nostartfiles -shared -fno-stack-protector conftest.c  >&5
configure:6628: $? = 0
configure:6644: result: yes
configure:6654: checking for __builtin_trap with no external dependencies
configure:6671: aarch64-linux-gnu-gcc -c -g -O2  conftest.c >&5
configure:6671: $? = 0
libc_undefs=''
configure:6685: result: yes
configure:6699: checking whether the C++ compiler supports thread_local
configure:6727: g++ -c -g -O2 -std=gnu++11  conftest.cpp >&5
configure:6727: $? = 0
configure:6736: result: yes
configure:6766: result: running configure fragment for sysdeps/unix/sysv/linux/aarch64
configure:6766: result: running configure fragment for sysdeps/unix/sysv/linux
configure:9: checking installed Linux kernel header files
configure:28: aarch64-linux-gnu-gcc -c -g -O2  conftest.c >&5
configure:28: $? = 0
configure:35: result: 3.2.0 or later
configure:69: checking for kernel header at least 3.7.0
configure:87: aarch64-linux-gnu-gcc -c -g -O2  conftest.c >&5
configure:87: $? = 0
configure:93: result: ok
configure:6766: result: running configure fragment for sysdeps/gnu
configure:6766: result: running configure fragment for sysdeps/aarch64
configure:13: checking for grep that handles long lines and -e
configure:71: result: /bin/grep
configure:76: checking for egrep
configure:138: result: /bin/grep -E
configure:143: checking for big endian
configure:164: result: no
configure:6827: checking whether -fPIC is default
conftest.c:2:3: error: #error PIC is default.
 # error PIC is default.
   ^~~~~
configure:6843: result: yes
configure:6847: checking whether -fPIE is default
conftest.c:2:3: error: #error PIE is default.
 # error PIE is default.
   ^~~~~
configure:6863: result: yes
configure:7009: creating ./config.status

## ---------------------- ##
## Running config.status. ##
## ---------------------- ##

This file was extended by GNU C Library config.status (see version.h), which was
generated by GNU Autoconf 2.69.  Invocation command line was

  CONFIG_FILES    = 
  CONFIG_HEADERS  = 
  CONFIG_LINKS    = 
  CONFIG_COMMANDS = 
  $ ./config.status 

on conrad-XPS-13-9360

config.status:942: creating config.make
config.status:942: creating Makefile
config.status:942: creating config.h
config.status:1116: executing default commands

## ---------------- ##
## Cache variables. ##
## ---------------- ##

ac_cv_build=x86_64-pc-linux-gnu
ac_cv_c_compiler_gnu=yes
ac_cv_cxx_compiler_gnu=yes
ac_cv_env_CCC_set=
ac_cv_env_CCC_value=
ac_cv_env_CC_set=
ac_cv_env_CC_value=
ac_cv_env_CFLAGS_set=
ac_cv_env_CFLAGS_value=
ac_cv_env_CPPFLAGS_set=
ac_cv_env_CPPFLAGS_value=
ac_cv_env_CPP_set=
ac_cv_env_CPP_value=
ac_cv_env_CXXFLAGS_set=
ac_cv_env_CXXFLAGS_value=
ac_cv_env_CXX_set=
ac_cv_env_CXX_value=
ac_cv_env_LDFLAGS_set=set
ac_cv_env_LDFLAGS_value=-static
ac_cv_env_LIBS_set=
ac_cv_env_LIBS_value=
ac_cv_env_build_alias_set=set
ac_cv_env_build_alias_value=x86_64-pc-linux-gnu
ac_cv_env_host_alias_set=set
ac_cv_env_host_alias_value=aarch64-linux-gnu
ac_cv_env_target_alias_set=
ac_cv_env_target_alias_value=
ac_cv_host=aarch64-unknown-linux-gnu
ac_cv_lib_selinux_is_selinux_enabled=no
ac_cv_objext=o
ac_cv_path_BASH_SHELL=/bin/bash
ac_cv_path_EGREP='/bin/grep -E'
ac_cv_path_GREP=/bin/grep
ac_cv_path_INSTALL_INFO=/usr/bin/install-info
ac_cv_path_PERL=/usr/bin/perl
ac_cv_path_install='/usr/bin/install -c'
ac_cv_prog_AS=/usr/lib/gcc-cross/aarch64-linux-gnu/8/../../../../aarch64-linux-gnu/bin/as
ac_cv_prog_AWK=gawk
ac_cv_prog_BISON=bison
ac_cv_prog_BUILD_CC=gcc
ac_cv_prog_CC=aarch64-linux-gnu-gcc
ac_cv_prog_LD=/usr/lib/gcc-cross/aarch64-linux-gnu/8/../../../../aarch64-linux-gnu/bin/ld
ac_cv_prog_MAKE=make
ac_cv_prog_MAKEINFO=makeinfo
ac_cv_prog_MSGFMT=msgfmt
ac_cv_prog_NM=aarch64-linux-gnu-nm
ac_cv_prog_PYTHON_PROG=python3
ac_cv_prog_READELF=aarch64-linux-gnu-readelf
ac_cv_prog_SED=sed
ac_cv_prog_ac_ct_CXX=g++
ac_cv_prog_cc_g=yes
ac_cv_prog_cxx_g=yes
libc_cv_aarch64_be=no
libc_cv_as_noexecstack=yes
libc_cv_asm_set_directive=yes
libc_cv_broken_alias_attribute=no
libc_cv_builtin_trap=yes
libc_cv_cc_loop_to_function=yes
libc_cv_cc_nofma=-ffp-contract=off
libc_cv_cc_pie_default=yes
libc_cv_cc_with_libunwind=no
libc_cv_compiler_ok=yes
libc_cv_ctors_header=no
libc_cv_cxx_link_ok=yes
libc_cv_cxx_thread_local=yes
libc_cv_ehdr_start=yes
libc_cv_fno_toplevel_reorder=yes
libc_cv_fpie=yes
libc_cv_gcc_builtin_memset=no
libc_cv_gcc_builtin_redirection=yes
libc_cv_gcc_incompatible_alias=yes
libc_cv_gcc_indirect_function=yes
libc_cv_gcc_unwind_find_fde=no
libc_cv_has_glob_dat=yes
libc_cv_hashstyle=yes
libc_cv_have_sdata_section=no
libc_cv_have_section_quotes=no
libc_cv_idn=no
libc_cv_insert=yes
libc_cv_ld_gnu_indirect_function=yes
libc_cv_linux320='3.2.0 or later'
libc_cv_localstatedir='${prefix}/var'
libc_cv_mtls_dialect_gnu2=no
libc_cv_multidir=.
libc_cv_no_dynamic_linker=yes
libc_cv_nss_crypt=no
libc_cv_output_format=elf64-littleaarch64
libc_cv_pic_default=yes
libc_cv_pie_default=yes
libc_cv_predef_fortify_source=yes
libc_cv_prog_as_gnu=yes
libc_cv_prog_ld_gnu=yes
libc_cv_protected_data=yes
libc_cv_ssp=yes
libc_cv_ssp_all=yes
libc_cv_ssp_strong=yes
libc_cv_static_nss_crypt=no
libc_cv_static_pie=yes
libc_cv_sysconfdir='${prefix}/etc'
libc_cv_textrel_ifunc=yes
libc_cv_use_default_link=yes
libc_cv_with_fp=yes
libc_cv_z_combreloc=yes
libc_cv_z_execstack=yes

## ----------------- ##
## Output variables. ##
## ----------------- ##

AR='/usr/lib/gcc-cross/aarch64-linux-gnu/8/../../../../aarch64-linux-gnu/bin/ar'
AS='/usr/lib/gcc-cross/aarch64-linux-gnu/8/../../../../aarch64-linux-gnu/bin/as'
ASFLAGS_config=' -Wa,--noexecstack'
AUTOCONF='no'
AWK='gawk'
BASH_SHELL='/bin/bash'
BISON='bison'
BUILD_CC='gcc'
CC='aarch64-linux-gnu-gcc'
CFLAGS='-g -O2'
CPP='aarch64-linux-gnu-gcc -E'
CPPFLAGS=''
CPPUNDEFS='-U_FORTIFY_SOURCE'
CXX='g++'
CXXFLAGS='-g -O2'
CXX_BITS_STD_ABS_H='/usr/include/c++/8/bits/std_abs.h'
CXX_CMATH_HEADER='/usr/include/c++/8/cmath'
CXX_CSTDLIB_HEADER='/usr/include/c++/8/cstdlib'
CXX_SYSINCLUDES=''
DEFINES=''
DEFS='-DHAVE_CONFIG_H'
ECHO_C=''
ECHO_N='-n'
ECHO_T=''
GPROF='gprof'
INSTALL_DATA='${INSTALL} -m 644'
INSTALL_INFO='/usr/bin/install-info'
INSTALL_PROGRAM='${INSTALL}'
INSTALL_SCRIPT='${INSTALL}'
LD='/usr/lib/gcc-cross/aarch64-linux-gnu/8/../../../../aarch64-linux-gnu/bin/ld'
LDFLAGS='-static'
LIBGD='no'
LIBOBJS=''
LIBS=''
LN_S='ln -s'
LTLIBOBJS=''
MAKE='make'
MAKEINFO='makeinfo'
MSGFMT='msgfmt'
NM='aarch64-linux-gnu-nm'
OBJCOPY='/usr/lib/gcc-cross/aarch64-linux-gnu/8/../../../../aarch64-linux-gnu/bin/objcopy'
OBJDUMP='/usr/lib/gcc-cross/aarch64-linux-gnu/8/../../../../aarch64-linux-gnu/bin/objdump'
OBJEXT='o'
PACKAGE_BUGREPORT='https://sourceware.org/bugzilla/'
PACKAGE_NAME='GNU C Library'
PACKAGE_STRING='GNU C Library (see version.h)'
PACKAGE_TARNAME='glibc'
PACKAGE_URL='http://www.gnu.org/software/glibc/'
PACKAGE_VERSION='(see version.h)'
PATH_SEPARATOR=':'
PERL='/usr/bin/perl'
PKGVERSION='(GNU libc) '
PKGVERSION_TEXI='(GNU libc) '
PYTHON='python3 -B'
PYTHON_PROG='python3'
READELF='aarch64-linux-gnu-readelf'
RELEASE='stable'
REPORT_BUGS_TEXI='@uref{http://www.gnu.org/software/libc/bugs.html}'
REPORT_BUGS_TO='<http://www.gnu.org/software/libc/bugs.html>'
SED='sed'
SHELL='/bin/bash'
SYSINCLUDES=''
VERSION='2.29'
ac_ct_CC=''
ac_ct_CXX='g++'
all_warnings=''
base_machine='aarch64'
bindir='${exec_prefix}/bin'
bindnow='no'
build='x86_64-pc-linux-gnu'
build_alias='x86_64-pc-linux-gnu'
build_cpu='x86_64'
build_crypt='yes'
build_nscd='yes'
build_obsolete_nsl='no'
build_os='linux-gnu'
build_pt_chown='no'
build_vendor='pc'
cross_compiling='yes'
datadir='${datarootdir}'
datarootdir='${prefix}/share'
docdir='${datarootdir}/doc/${PACKAGE_TARNAME}'
dvidir='${docdir}'
enable_timezone_tools='yes'
enable_werror='yes'
exec_prefix='${prefix}'
experimental_malloc='yes'
extra_nonshared_cflags=''
fno_unit_at_a_time='-fno-toplevel-reorder -fno-section-anchors'
force_install='yes'
hardcoded_path_in_tests='no'
have_libaudit=''
have_libcap=''
have_selinux='no'
have_tunables='yes'
host='aarch64-unknown-linux-gnu'
host_alias='aarch64-linux-gnu'
host_cpu='aarch64'
host_os='linux-gnu'
host_vendor='unknown'
htmldir='${docdir}'
includedir='${prefix}/include'
infodir='${datarootdir}/info'
ldd_rewrite_script='no'
libc_cv_cc_loop_to_function='yes'
libc_cv_cc_nofma='-ffp-contract=off'
libc_cv_cc_pie_default='yes'
libc_cv_cc_submachine=''
libc_cv_cc_with_libunwind='no'
libc_cv_complocaledir=''
libc_cv_cxx_thread_local='yes'
libc_cv_fpie='yes'
libc_cv_gcc_unwind_find_fde='no'
libc_cv_has_glob_dat='yes'
libc_cv_hashstyle='yes'
libc_cv_insert='yes'
libc_cv_localstatedir='${prefix}/var'
libc_cv_mtls_dialect_gnu2='no'
libc_cv_multidir='.'
libc_cv_nss_crypt='no'
libc_cv_output_format='elf64-littleaarch64'
libc_cv_pic_default='yes'
libc_cv_pie_default='yes'
libc_cv_protected_data='yes'
libc_cv_rootsbindir=''
libc_cv_rtlddir=''
libc_cv_slibdir=''
libc_cv_ssp='yes'
libc_cv_static_nss_crypt='no'
libc_cv_sysconfdir='${prefix}/etc'
libc_cv_textrel_ifunc='yes'
libc_cv_with_fp='yes'
libc_cv_z_combreloc='yes'
libc_cv_z_execstack='yes'
libc_extra_cflags=''
libc_extra_cppflags=''
libdir='${exec_prefix}/lib'
libexecdir='${exec_prefix}/libexec'
link_obsolete_rpc='no'
localedir='${datarootdir}/locale'
localstatedir='${prefix}/var'
mach_interface_list=''
mandir='${datarootdir}/man'
multi_arch='default'
no_stack_protector='-fno-stack-protector -DSTACK_PROTECTOR_LEVEL=0'
oldincludedir='/usr/include'
pdfdir='${docdir}'
prefix='/home/conrad/Downloads/glibc-2.29-arm/glibc-2.29/install_glibc'
profile='no'
program_transform_name='s,x,x,'
psdir='${docdir}'
sbindir='${exec_prefix}/sbin'
shared='yes'
sharedstatedir='${prefix}/com'
stack_protector='-fno-stack-protector'
static=''
static_nss='no'
subdirs=' '
submachine=''
sysconfdir='${prefix}/etc'
sysheaders=''
sysnames=' sysdeps/unix/sysv/linux/aarch64 sysdeps/aarch64/nptl sysdeps/unix/sysv/linux/generic sysdeps/unix/sysv/linux/wordsize-64 sysdeps/unix/sysv/linux sysdeps/nptl sysdeps/pthread sysdeps/gnu sysdeps/unix/inet sysdeps/unix/sysv sysdeps/unix sysdeps/posix sysdeps/aarch64/fpu sysdeps/aarch64/multiarch sysdeps/aarch64 sysdeps/wordsize-64 sysdeps/ieee754/ldbl-128 sysdeps/ieee754/dbl-64/wordsize-64 sysdeps/ieee754/dbl-64 sysdeps/ieee754/flt-32 sysdeps/ieee754 sysdeps/generic'
target_alias=''
use_default_link='yes'
use_ldconfig='yes'
use_nscd='yes'

## ----------- ##
## confdefs.h. ##
## ----------- ##

/* confdefs.h */
#define PACKAGE_NAME "GNU C Library"
#define PACKAGE_TARNAME "glibc"
#define PACKAGE_VERSION "(see version.h)"
#define PACKAGE_STRING "GNU C Library (see version.h)"
#define PACKAGE_BUGREPORT "https://sourceware.org/bugzilla/"
#define PACKAGE_URL "http://www.gnu.org/software/glibc/"
#define PKGVERSION "(GNU libc) "
#define REPORT_BUGS_TO "<http://www.gnu.org/software/libc/bugs.html>"
#define HAVE_TUNABLES 1
#define HAVE_CC_NO_STACK_PROTECTOR 1
#define STACK_PROTECTOR_LEVEL 0
#define USE_MULTIARCH 1
#define HAVE_ASM_SET_DIRECTIVE 1
#define NO_CTORS_DTORS_SECTIONS 1
#define HAVE_Z_COMBRELOC 1
#define HAVE_CC_INHIBIT_LOOP_TO_LIBCALL 1
#define HAVE_EHDR_START 1
#define HAVE_BUILTIN_TRAP 1
#define __LINUX_KERNEL_VERSION (3 * 65536 + 7 * 256 + 0)
#define __ABI_TAG_VERSION 3,7,0
#define HAVE_INLINED_SYSCALLS 1
#define HAVE_IFUNC 1
#define HAVE_GCC_IFUNC 1
#define USE_NSCD 1
#define USE_LDCONFIG 1

configure: exit 0
